cm2prd-downtime-in-IUM|0
cm1prd-work-disk-pct|31
cm1prd-work_HIGH-disk-pct|31
cm1prd-work_URGENT-disk-pct|31
cm1prd-var-disk-pct|44
cm1prd-arch-disk-pct|77
cm1prd-ium-disk-pct|76
cm1prd-dd_monitor-running|0
cm1prd-adminagentserver-running|0
cm1prd-mysqld-running|0
cm1prd-shm_soap_server-running|0
cm1prd-configserver-running|0
cm1prd-webappserver-running|0
cm1prd-repositoryserver-running|0
cm1prd-LDAP_server-running|0
cm1prd-securityserver-running|0
cm1prd-crontab-running|0
cm1prd-mmsc_FileDistributor-running|0
cm1prd-mmsc_FileServer-running|0
cm1prd-mmsc_gen_bbt-running|0
cm1prd-mmsc_gen_bill-running|0
cm1prd-mmsc_gen_dwh-running|0
cm1prd-mmsc_gen_fms-running|0
cm1prd-mmsc_gen_inter-running|0
cm1prd-mmsc_gen_nbs-running|0
cm1prd-mmsc_gen_ui-running|0
cm1prd-mmsc_leaf_01-running|0
cm1prd-mmsc_leaf_02-running|0
cm1prd-mmsc_rep_ui-running|0
cm1prd-alcatel_FileDistributor-running|0
cm1prd-alcatel_FileServer-running|0
cm1prd-alcatel_gen_inter-running|0
cm1prd-alcatel_gen_mbs-running|0
cm1prd-alcatel_gen_sgv-running|0
cm1prd-alcatel_gen_ucr-running|0
cm1prd-alcatel_gen_ui-running|0
cm1prd-alcatel_leaf_01-running|0
cm1prd-alcatel_leaf_02-running|0
cm1prd-kis_collector-running|0
cm1prd-kis_corr_bill-running|0
cm1prd-kis_FileDistributor-running|0
cm1prd-kis_FileServer-running|0
cm1prd-kis_gen_bill-running|0
cm1prd-smsr_FileDistributor-running|0
cm1prd-smsr_FileServer-running|0
cm1prd-smsr_gen_bill-running|0
cm1prd-smsr_gen_fms-running|0
cm1prd-smsr_gen_idu-running|0
cm1prd-smsr_gen_inter-running|0
cm1prd-smsr_hr_leaf_01-running|0
cm1prd-smsr_leaf_01-running|0
cm1prd-smsr_leaf_02-running|0
cm1prd-bcms_gen_bill-running|1
cm1prd-bcms_leaf_01-running|1
cm1prd-bwas_agg-running|0
cm1prd-bwas_corr_cscf-running|0
cm1prd-bwas_corr_failover-running|0
cm1prd-bwas_corr_ot-running|0
cm1prd-bwas_FileDistributor-running|0
cm1prd-bwas_FileServer-running|0
cm1prd-bwas_gen_bzsi-running|0
cm1prd-bwas_gen_rcr-running|0
cm1prd-bwas_gen_uid-running|0
cm1prd-bwas_leaf_01-running|0
cm1prd-bwas_leaf_02-running|0
cm1prd-bwas_recycler-running|0
cm1prd-maap_leaf_01-running|0
cm1prd-maap_leaf_02-running|0
cm1prd-rcs_FileDistributor-running|0
cm1prd-rcs_FileServer-running|1
cm1prd-rcs_leaf_01-running|0
cm1prd-rcs_leaf_02-running|0
cm1prd-rcs_gen_udr-running|0
cm1prd-cmis_gen_bill-running|0
cm1prd-cmis_gen_inv-running|0
cm1prd-cmis_gen_fms-running|0
cm1prd-cmis_rt_FileDistributor-running|0
cm1prd-cmis_rt_FileServer-running|0
cm1prd-cmis_rt_gen_audit-running|0
cm1prd-cmis_rt_leaf_01-running|0
cm1prd-ecscf_FileDistributor-running|0
cm1prd-ecscf_FileServer-running|0
cm1prd-ecscf_gen_invalid-running|0
cm1prd-ecscf_leaf_01-running|0
cm1prd-ims_FileDistributor-running|0
cm1prd-ims_FileServer-running|0
cm1prd-ims_agg-running|0
cm1prd-ims_gen_bbt-running|0
cm1prd-ims_gen_bill-running|0
cm1prd-ims_gen_fms-running|0
cm1prd-ims_gen_inv-running|0
cm1prd-ims_gen_udr-running|0
cm1prd-ims_gen_unbill-running|0
cm1prd-ims_leaf_01-running|0
cm1prd-msc_agg_billing-running|0
cm1prd-msc_agg_udr-running|0
cm1prd-msc_corr_ain-running|0
cm1prd-msc_corr_bin-running|0
cm1prd-msc_corr_camel-running|0
cm1prd-msc_corr_udr-running|0
cm1prd-msc_corr_tas-running|0
cm1prd-msc_dispatcher_billing-running|0
cm1prd-msc_dispatcher_udr-running|0
cm1prd-msc_FD_Type1-running|0
cm1prd-msc_FD_Type2-running|0
cm1prd-msc_FileServer_Gda-running|0
cm1prd-msc_FileServer_Kat-running|0
cm1prd-msc_FileServer_Poz-running|0
cm1prd-msc_FileServer_Waw-running|0
cm1prd-msc_FSCommon_Type1-running|0
cm1prd-msc_FSCommon_Type2-running|0
cm1prd-msc_gen_as-running|0
cm1prd-msc_gen_bzsi-running|0
cm1prd-msc_gen_bes-running|0
cm1prd-msc_gen_fms-running|0
cm1prd-msc_gen_inter-running|0
cm1prd-msc_gen_inv-running|0
cm1prd-msc_gen_no-running|0
cm1prd-msc_gen_nrtrde-running|0
cm1prd-msc_gen_roam-running|0
cm1prd-msc_gen_uca-running|0
cm1prd-msc_gen_sgv-running|0
cm1prd-msc_gen_udr-running|0
cm1prd-msc_gen_unbill-running|0
cm1prd-msc_leaf_Type1_01-running|0
cm1prd-msc_leaf_Type1_02-running|0
cm1prd-msc_leaf_Type1_03-running|0
cm1prd-msc_leaf_Type1_04-running|0
cm1prd-msc_leaf_Type1_05-running|0
cm1prd-msc_leaf_Type2_01-running|0
cm1prd-msc_leaf_Type2_02-running|0
cm1prd-msc_leaf_Type2_03-running|0
cm1prd-msc_leaf_Type2_04-running|0
cm1prd-msc_leaf_Type2_05-running|0
cm1prd-msc_recycler-running|0
cm1prd-vpbx_FileDistributor-running|0
cm1prd-vpbx_FileServer-running|0
cm1prd-vpbx_gen_fms-running|0
cm1prd-vpbx_gen_bwasfms-running|0
cm1prd-vpbx_leaf_01-running|0
cm1prd-vpbx_leaf_02-running|0
cm1prd-raw_gen_udr_06-running|0
cm1prd-raw_gen_udr_14-running|0
cm1prd-raw_gen_udr_26-running|0
cm1prd-raw_gen_udr_09-running|0
cm1prd-raw_gen_udr_36-running|0
cm1prd-raw_gen_udr_30-running|0
cm1prd-raw_gen_udr_12-running|0
cm1prd-raw_gen_udr_13-running|0
cm1prd-raw_gen_udr_19-running|0
cm1prd-raw_gen_udr_22-running|0
cm1prd-raw_gen_udr_23-running|0
cm1prd-raw_gen_udr_25-running|0
cm1prd-raw_gen_udr_160-running|0
cm1prd-raw_gen_udr_161-running|0
cm1prd-raw_gen_udr_162-running|0
cm1prd-raw_gen_udr_163-running|0
cm1prd-raw_gen_udr_164-running|0
cm1prd-raw_gen_udr_166-running|0
cm1prd-raw_gen_udr_17-running|0
cm1prd-raw_gen_udr_18-running|0
cm1prd-raw_gen_udr_54-running|0
cm1prd-raw_gen_udr_57-running|0
cm1prd-raw_gen_udr_61-running|0
cm1prd-raw_gen_udr_63-running|0
cm1prd-raw_gen_udr_65-running|0
cm1prd-raw_gen_udr_66-running|0
cm1prd-raw_gen_udr_73-running|0
cm1prd-raw_gen_udr_77-running|0
cm1prd-raw_gen_udr_79-running|0
cm1prd-raw_gen_udr_80-running|0
cm1prd-raw_gen_udr_81-running|0
cm1prd-raw_gen_udr_82-running|0
cm1prd-raw_gen_udr_91-running|0
cm1prd-raw_gen_udr_mbs_96-running|0
cm1prd-raw_udr-running|0
cm1prd-ngin_FileDistributor-running|0
cm1prd-ngin_FileServer-running|0
cm1prd-ngin_leaf_01-running|0
cm1prd-ngin_leaf_02-running|0
cm1prd-sis_FileDistributor-running|0
cm1prd-sis_FileServer-running|0
cm1prd-sis_leaf_01-running|0
cm1prd-sis_leaf_02-running|0
cm1prd-cfx_FileDistributor-running|0
cm1prd-cfx_FileServer-running|0
cm1prd-cfx_leaf_01-running|0
cm1prd-cfx_leaf_02-running|0
cm1prd-cfx_rep_ascii-running|0
cm1prd-cfx_rep_bin-running|0
cm1prd-asc_correlator_00_00-running|0
cm1prd-asc_correlator_01_00-running|0
cm1prd-asc_correlator_02_00-running|0
cm1prd-asc_correlator_03_00-running|0
cm1prd-asc_distributor_00-running|0
cm1prd-asc_distributor_01-running|0
cm1prd-asc_distributor_02-running|0
cm1prd-asc_distributor_03-running|0
cm1prd-asc_gen_rtr-running|0
cm1prd-raw_gen_udr_166-not-checked|0
cm1prd-msc_reprocascii_Type1-not-checked|1
cm1prd-alcatel_gen_sgv-not-checked|0
cm1prd-msc_leaf_Type1_05-not-checked|0
cm1prd-raw_gen_udr_77-not-checked|0
cm1prd-raw_gen_udr_162-not-checked|0
cm1prd-cfx_rep_ascii-not-checked|0
cm1prd-ecscf_ascii2binReproc-not-checked|1
cm1prd-msc_dispatcher_billing-not-checked|0
cm1prd-raw_gen_udr_06-not-checked|0
cm1prd-mmsc_leaf_02-not-checked|0
cm1prd-rcs_FileDistributor-not-checked|0
cm1prd-mmsc_leaf_01-not-checked|0
cm1prd-msc_reprocbin_Type1-not-checked|1
cm1prd-msc_agg_billing-not-checked|0
cm1prd-msc_gen_uca-not-checked|0
cm1prd-msc_leaf_Type1_03-not-checked|0
cm1prd-msc_gen_sgv-not-checked|0
cm1prd-msc_agg_udr-not-checked|0
cm1prd-raw_gen_udr_26-not-checked|0
cm1prd-raw_gen_udr_91-not-checked|0
cm1prd-ecscf_FileServer-not-checked|0
cm1prd-mmsc_gen_fms-not-checked|0
cm1prd-smsr_gen_bill-not-checked|0
cm1prd-asc_distributor_00-not-checked|0
cm1prd-raw_gen_udr_61-not-checked|0
cm1prd-ims_FileDistributor-not-checked|0
cm1prd-ims_gen_fms-not-checked|0
cm1prd-rcs_gen_udr-not-checked|0
cm1prd-raw_gen_udr_54-not-checked|0
cm1prd-ngin_leaf_01-not-checked|0
cm1prd-msc_gen_no-not-checked|0
cm1prd-msc_FD_Type1-not-checked|0
cm1prd-bwas_gen_uid-not-checked|0
cm1prd-raw_gen_udr_mbs_96-not-checked|0
cm1prd-raw_gen_udr_14-not-checked|0
cm1prd-smsr_leaf_01-not-checked|0
cm1prd-cfx_rep_bin-not-checked|0
cm1prd-cfx_leaf_02-not-checked|0
cm1prd-raw_gen_udr_63-not-checked|0
cm1prd-vpbx_leaf_02-not-checked|0
cm1prd-raw_gen_udr_66-not-checked|0
cm1prd-maap_leaf_02-not-checked|0
cm1prd-ngin_FileServer-not-checked|0
cm1prd-msc_leaf_Type1_04-not-checked|0
cm1prd-cfx_leaf_01-not-checked|0
cm1prd-asc_distributor_01-not-checked|0
cm1prd-sis_FileServer-not-checked|0
cm1prd-alcatel_gen_inter-not-checked|0
cm1prd-raw_gen_udr_82-not-checked|0
cm1prd-smsr_hr_leaf_01-not-checked|0
cm1prd-ims_leaf_01-not-checked|0
cm1prd-kis_corr_bill-not-checked|0
cm1prd-msc_corr_tas-not-checked|0
cm1prd-ims_rep_bin-not-checked|1
cm1prd-rcs_rep_ascii-not-checked|1
cm1prd-bwas_FileDistributor-not-checked|0
cm1prd-msc_FSCommon_Type2-not-checked|0
cm1prd-msc_leaf_Type2_05-not-checked|0
cm1prd-vpbx_leaf_01-not-checked|0
cm1prd-smsr_FileDistributor-not-checked|0
cm1prd-msc_leaf_Type2_04-not-checked|0
cm1prd-cmis_rt_FileDistributor-not-checked|0
cm1prd-ecscf_bin2asciiReproc-not-checked|1
cm1prd-bwas_corr_ot-not-checked|0
cm1prd-ngin_FileDistributor-not-checked|0
cm1prd-raw_gen_udr_25-not-checked|0
cm1prd-msc_gen_inter-not-checked|0
cm1prd-bwas_ascii2binReproc-not-checked|1
cm1prd-raw_gen_udr_18-not-checked|0
cm1prd-raw_gen_udr_19-not-checked|0
cm1prd-cmis_rt_ascii2binReproc-not-checked|1
cm1prd-vpbx_FileServer-not-checked|0
cm1prd-kis_FileServer-not-checked|0
cm1prd-asc_correlator_00_00-not-checked|0
cm1prd-msc_FD_Type2-not-checked|0
cm1prd-bwas_agg-not-checked|0
cm1prd-rcs_rep_bin-not-checked|1
cm1prd-msc_recycler-not-checked|0
cm1prd-msc_gen_bes-not-checked|0
cm1prd-msc_leaf_Type2_01-not-checked|0
cm1prd-mmsc_FileDistributor-not-checked|0
cm1prd-mmsc_gen_inter-not-checked|0
cm1prd-msc_leaf_Type1_02-not-checked|0
cm1prd-raw_gen_udr_79-not-checked|0
cm1prd-mmsc_gen_ui-not-checked|0
cm1prd-raw_gen_udr_17-not-checked|0
cm1prd-cfx_FileServer-not-checked|0
cm1prd-mmsc_FileServer-not-checked|0
cm1prd-raw_gen_udr_23-not-checked|0
cm1prd-msc_leaf_Type2_02-not-checked|0
cm1prd-raw_gen_udr_160-not-checked|0
cm1prd-asc_correlator_02_00-not-checked|0
cm1prd-msc_gen_roam-not-checked|0
cm1prd-rcs_leaf_01-not-checked|0
cm1prd-cmis_rt_gen_audit-not-checked|0
cm1prd-msc_reprocbin_Type2-not-checked|1
cm1prd-RepositoryServer-not-checked|1
cm1prd-msc_corr_ain-not-checked|0
cm1prd-alcatel_FileDistributor-not-checked|0
cm1prd-raw_gen_udr_12-not-checked|0
cm1prd-ConfigServer-not-checked|1
cm1prd-raw_gen_udr_36-not-checked|0
cm1prd-mmsc_gen_bill-not-checked|0
cm1prd-alcatel_FileServer-not-checked|0
cm1prd-cfx_FileDistributor-not-checked|0
cm1prd-raw_gen_udr_22-not-checked|0
cm1prd-maap_rep_bin-not-checked|1
cm1prd-bwas_leaf_01-not-checked|0
cm1prd-raw_gen_udr_30-not-checked|0
cm1prd-bwas_bin2asciiReproc-not-checked|1
cm1prd-bwas_leaf_02-not-checked|0
cm1prd-mmsc_gen_bbt-not-checked|0
cm1prd-maap_leaf_01-not-checked|0
cm1prd-cmis_rt_bin2asciiReproc-not-checked|1
cm1prd-raw_gen_udr_09-not-checked|0
cm1prd-ims_gen_bbt-not-checked|0
cm1prd-ims_gen_inv-not-checked|0
cm1prd-smsr_FileServer-not-checked|0
cm1prd-msc_corr_bin-not-checked|0
cm1prd-asc_correlator_01_00-not-checked|0
cm1prd-raw_gen_udr_161-not-checked|0
cm1prd-alcatel_leaf_01-not-checked|0
cm1prd-ims_rep_ascii-not-checked|1
cm1prd-ims_agg-not-checked|0
cm1prd-vpbx_FileDistributor-not-checked|0
cm1prd-msc_leaf_Type2_03-not-checked|0
cm1prd-cmis_gen_fms-not-checked|0
cm1prd-raw_gen_udr_13-not-checked|0
cm1prd-mmsc_gen_dwh-not-checked|0
cm1prd-alcatel_leaf_02-not-checked|0
cm1prd-sis_leaf_02-not-checked|0
cm1prd-msc_gen_as-not-checked|0
cm1prd-alcatel_gen_mbs-not-checked|0
cm1prd-ecscf_leaf_01-not-checked|0
cm1prd-msc_corr_camel-not-checked|0
cm1prd-cmis_rt_FileServer-not-checked|0
cm1prd-vpbx_gen_fms-not-checked|0
cm1prd-asc_correlator_03_00-not-checked|0
cm1prd-kis_gen_bill-not-checked|0
cm1prd-raw_gen_udr_73-not-checked|0
cm1prd-msc_leaf_Type1_01-not-checked|0
cm1prd-msc_dispatcher_udr-not-checked|0
cm1prd-kis_FileDistributor-not-checked|0
cm1prd-kis_collector-not-checked|0
cm1prd-cmis_gen_bill-not-checked|0
cm1prd-ims_FileServer-not-checked|0
cm1prd-msc_FileServer_Kat-not-checked|0
cm1prd-msc_reprocascii_Type2-not-checked|1
cm1prd-mmsc_gen_nbs-not-checked|0
cm1prd-bwas_gen_bzsi-not-checked|0
cm1prd-ims_gen_unbill-not-checked|0
cm1prd-rcs_leaf_02-not-checked|0
cm1prd-ngin_leaf_02-not-checked|0
cm1prd-bwas_gen_rcr-not-checked|0
cm1prd-ecscf_gen_invalid-not-checked|0
cm1prd-asc_distributor_02-not-checked|0
cm1prd-bwas_recycler-not-checked|0
cm1prd-vpbx_gen_bwasfms-not-checked|0
cm1prd-rcs_FileServer-not-checked|0
cm1prd-bwas_FileServer-not-checked|0
cm1prd-msc_gen_inv-not-checked|0
cm1prd-raw_udr-not-checked|0
cm1prd-alcatel_gen_ui-not-checked|0
cm1prd-msc_gen_nrtrde-not-checked|0
cm1prd-ims_gen_bill-not-checked|0
cm1prd-msc_gen_bzsi-not-checked|0
cm1prd-msc_FileServer_Waw-not-checked|0
cm1prd-smsr_leaf_02-not-checked|0
cm1prd-ims_gen_udr-not-checked|0
cm1prd-smsr_gen_idu-not-checked|0
cm1prd-WebAppServer-not-checked|1
cm1prd-msc_corr_udr-not-checked|0
cm1prd-smsr_gen_inter-not-checked|0
cm1prd-maap_rep_ascii-not-checked|1
cm1prd-msc_gen_fms-not-checked|0
cm1prd-asc_distributor_03-not-checked|0
cm1prd-raw_gen_udr_80-not-checked|0
cm1prd-alcatel_gen_ucr-not-checked|0
cm1prd-mmsc_rep_ui-not-checked|0
cm1prd-raw_gen_udr_81-not-checked|0
cm1prd-bwas_corr_failover-not-checked|0
cm1prd-sis_FileDistributor-not-checked|0
cm1prd-smsr_gen_fms-not-checked|0
cm1prd-ecscf_FileDistributor-not-checked|0
cm1prd-asc_gen_rtr-not-checked|0
cm1prd-msc_FileServer_Poz-not-checked|0
cm1prd-msc_FileServer_Gda-not-checked|0
cm1prd-msc_FSCommon_Type1-not-checked|0
cm1prd-cmis_rt_leaf_01-not-checked|0
cm1prd-msc_gen_udr-not-checked|0
cm1prd-sis_leaf_01-not-checked|0
cm1prd-raw_gen_udr_164-not-checked|0
cm1prd-raw_gen_udr_65-not-checked|0
cm1prd-bwas_corr_cscf-not-checked|0
cm1prd-msc_gen_unbill-not-checked|0
cm1prd-raw_gen_udr_57-not-checked|0
cm1prd-cmis_gen_inv-not-checked|0
cm1prd-raw_gen_udr_163-not-checked|0
cm1prd-mmsc_FileServer-archive-delay-m|0
cm1prd-alcatel_FileServer-archive-delay-m|3
cm1prd-kis_FileServer-archive-delay-m|1
cm1prd-smsr_FileServer-archive-delay-m|0
cm1prd-bwas_FileServer-archive-delay-m|2
cm1prd-rcs_FileServer-archive-delay-m|9678
cm1prd-cmis_rt_FileServer-archive-delay-m|2
cm1prd-ecscf_FileServer-archive-delay-m|0
cm1prd-ims_FileServer-archive-delay-m|0
cm1prd-msc_FileServer_Gda-archive-delay-m|0
cm1prd-msc_FileServer_Kat-archive-delay-m|0
cm1prd-msc_FileServer_Poz-archive-delay-m|0
cm1prd-msc_FileServer_Waw-archive-delay-m|0
cm1prd-msc_FSCommon_Type1-archive-delay-m|12161470
cm1prd-msc_FSCommon_Type2-archive-delay-m|12161470
cm1prd-vpbx_FileServer-archive-delay-m|3
cm1prd-ngin_FileServer-archive-delay-m|2
cm1prd-sis_FileServer-archive-delay-m|2
cm1prd-cfx_FileServer-archive-delay-m|0
cm1prd-mmsc_gen_bbt-DDSubmitter-delivery-delay-m|9
cm1prd-mmsc_gen_bill-RTRDelivery-delivery-delay-m|4
cm1prd-mmsc_gen_dwh-DDSubmitter-delivery-delay-m|9
cm1prd-mmsc_gen_fms-DDSubmitter-delivery-delay-m|0
cm1prd-mmsc_gen_inter-DDSubmitter-delivery-delay-m|9
cm1prd-mmsc_gen_ui-DDSubmitter-delivery-delay-m|9
cm1prd-mmsc_leaf_01-mmsc_gen_bbt-delivery-delay-m|0
cm1prd-mmsc_leaf_01-mmsc_gen_bill-delivery-delay-m|0
cm1prd-mmsc_leaf_01-mmsc_gen_dwh-delivery-delay-m|0
cm1prd-mmsc_leaf_01-mmsc_gen_fms-delivery-delay-m|0
cm1prd-mmsc_leaf_01-mmsc_gen_inter-delivery-delay-m|0
cm1prd-mmsc_leaf_01-mmsc_gen_ui-delivery-delay-m|0
cm1prd-mmsc_leaf_01-raw_udr-delivery-delay-m|0
cm1prd-alcatel_gen_mbs-DDSubmitter-delivery-delay-m|6409
cm1prd-alcatel_gen_sgv-DDSubmitter-delivery-delay-m|1
cm1prd-alcatel_gen_ucr-RTRDelivery-delivery-delay-m|39
cm1prd-alcatel_gen_ui-DDSubmitter-delivery-delay-m|19
cm1prd-alcatel_leaf_01-alcatel_gen_sgv-delivery-delay-m|1
cm1prd-alcatel_leaf_01-alcatel_gen_ucr-delivery-delay-m|46
cm1prd-alcatel_leaf_01-alcatel_gen_ui-delivery-delay-m|142
cm1prd-alcatel_leaf_02-alcatel_gen_sgv-delivery-delay-m|6
cm1prd-alcatel_leaf_02-alcatel_gen_ui-delivery-delay-m|26
cm1prd-kis_collector-KIS_corr_bill-delivery-delay-m|1
cm1prd-kis_collector-KIS_gen_bill-delivery-delay-m|6
cm1prd-kis_collector-DDSubmitter-delivery-delay-m|1
cm1prd-kis_corr_bill-KIS_gen_bill-delivery-delay-m|3
cm1prd-kis_gen_bill-RTR4RCR-delivery-delay-m|5
cm1prd-smsr_gen_bill-RTR-delivery-delay-m|0
cm1prd-smsr_gen_fms-DDSubmitter-delivery-delay-m|0
cm1prd-smsr_gen_idu-DDSubmitter-delivery-delay-m|4
cm1prd-smsr_gen_inter-DDSubmitter-delivery-delay-m|1
cm1prd-smsr_hr_leaf_01-raw_udr-delivery-delay-m|0
cm1prd-smsr_hr_leaf_01-smsr_gen_fms-delivery-delay-m|0
cm1prd-smsr_hr_leaf_01-smsr_gen_idu-delivery-delay-m|0
cm1prd-smsr_hr_leaf_01-smsr_gen_inter-delivery-delay-m|0
cm1prd-smsr_leaf_01-raw_udr-delivery-delay-m|0
cm1prd-smsr_leaf_01-smsr_gen_bill-delivery-delay-m|0
cm1prd-smsr_leaf_01-smsr_gen_fms-delivery-delay-m|0
cm1prd-smsr_leaf_01-smsr_gen_idu-delivery-delay-m|0
cm1prd-smsr_leaf_01-smsr_gen_inter-delivery-delay-m|0
cm1prd-smsr_leaf_01-DDSubmitter-delivery-delay-m|0
cm1prd-smsr_leaf_02-raw_udr-delivery-delay-m|1
cm1prd-smsr_leaf_02-smsr_gen_bill-delivery-delay-m|0
cm1prd-smsr_leaf_02-smsr_gen_fms-delivery-delay-m|0
cm1prd-smsr_leaf_02-smsr_gen_idu-delivery-delay-m|0
cm1prd-smsr_leaf_02-smsr_gen_inter-delivery-delay-m|0
cm1prd-bwas_agg-bwas_corr_ot-delivery-delay-m|0
cm1prd-bwas_agg-bwas_gen_uid-delivery-delay-m|0
cm1prd-bwas_agg-bwas_gen_uid_msm-delivery-delay-m|0
cm1prd-bwas_corr_cscf-bwas_corr_ot-delivery-delay-m|0
cm1prd-bwas_corr_cscf-bwas_gen_rcr-delivery-delay-m|0
cm1prd-bwas_corr_cscf-bwas_recycler_corr_cscf_FastLoop-delivery-delay-m|0
cm1prd-bwas_corr_cscf-bwas_recycler_corr_cscf_SlowLoop-delivery-delay-m|0
cm1prd-bwas_corr_cscf-bwas_recycler_corr_ot_FastLoop-delivery-delay-m|0
cm1prd-bwas_corr_cscf-bwas_recycler_corr_ot_SlowLoop-delivery-delay-m|0
cm1prd-bwas_corr_failover-bwas_corr_ot-delivery-delay-m|1194
cm1prd-bwas_corr_failover-bwas_gen_uid_unbil-delivery-delay-m|1304
cm1prd-bwas_corr_failover-bwas_recycler_corr_failover_FastLoop-delivery-delay-m|1244
cm1prd-bwas_corr_failover-bwas_recycler_corr_failover_SlowLoop-delivery-delay-m|1234
cm1prd-bwas_corr_ot-bwas_corr_cscf-delivery-delay-m|0
cm1prd-bwas_corr_ot-bwas_gen_rcr-delivery-delay-m|0
cm1prd-bwas_corr_ot-bwas_gen_uid-delivery-delay-m|0
cm1prd-bwas_corr_ot-bwas_recycler_corr_ot_FastLoop-delivery-delay-m|0
cm1prd-bwas_corr_ot-bwas_recycler_corr_ot_SlowLoop-delivery-delay-m|0
cm1prd-bwas_gen_bzsi-DDSubmitter-delivery-delay-m|0
cm1prd-bwas_gen_rcr-RTR-delivery-delay-m|4
cm1prd-bwas_gen_uid-DDSubmitter-delivery-delay-m|0
cm1prd-bwas_leaf_01-bwas_agg-delivery-delay-m|1
cm1prd-bwas_leaf_01-bwas_gen_bzsi-delivery-delay-m|1
cm1prd-bwas_leaf_01-bwas_gen_fms-delivery-delay-m|1
cm1prd-bwas_leaf_01-bwas_gen_uid-delivery-delay-m|1
cm1prd-bwas_leaf_02-bwas_agg-delivery-delay-m|1
cm1prd-bwas_leaf_02-bwas_gen_bzsi-delivery-delay-m|1
cm1prd-bwas_leaf_02-bwas_gen_fms-delivery-delay-m|1
cm1prd-bwas_leaf_02-bwas_gen_uid-delivery-delay-m|1
cm1prd-maap_leaf_01-rcs_gen_udr-delivery-delay-m|9677
cm1prd-maap_leaf_01-DDSubmitter-delivery-delay-m|9677
cm1prd-maap_leaf_02-rcs_gen_udr-delivery-delay-m|11098
cm1prd-maap_leaf_02-DDSubmitter-delivery-delay-m|11098
cm1prd-rcs_leaf_01-rcs_gen_udr-delivery-delay-m|17136
cm1prd-rcs_leaf_01-DDSubmitter-delivery-delay-m|16984
cm1prd-rcs_leaf_02-rcs_gen_udr-delivery-delay-m|37446
cm1prd-rcs_leaf_02-DDSubmitter-delivery-delay-m|16984
cm1prd-cmis_gen_bill-DDSubmitter-delivery-delay-m|3
cm1prd-cmis_gen_bill-RTRDelivery-delivery-delay-m|3
cm1prd-cmis_gen_fms-DDSubmitter-delivery-delay-m|0
cm1prd-cmis_rt_gen_audit-DDSubmitter-delivery-delay-m|3
cm1prd-cmis_rt_leaf_01-cmis_gen_bill-delivery-delay-m|0
cm1prd-cmis_rt_leaf_01-cmis_gen_fms-delivery-delay-m|0
cm1prd-cmis_rt_leaf_01-cmis_rt_gen_audit-delivery-delay-m|0
cm1prd-ecscf_gen_invalid-DDSubmitter-delivery-delay-m|5369
cm1prd-ecscf_leaf_01-bwas_ecscf_corr-delivery-delay-m|0
cm1prd-ims_agg-AggregatedRecords-delivery-delay-m|21
cm1prd-ims_gen_bbt-DataDistributor-delivery-delay-m|0
cm1prd-ims_gen_fms-DataDistributor-delivery-delay-m|0
cm1prd-ims_gen_inv-DDSubmitter-delivery-delay-m|9
cm1prd-ims_gen_udr-RawUdr-delivery-delay-m|8
cm1prd-ims_gen_udr-Wholesale-delivery-delay-m|9
cm1prd-ims_gen_unbill-DataDistributor-delivery-delay-m|0
cm1prd-ims_leaf_01-asc_correlator_00-delivery-delay-m|0
cm1prd-ims_leaf_01-asc_correlator_01-delivery-delay-m|0
cm1prd-ims_leaf_01-asc_correlator_02-delivery-delay-m|0
cm1prd-ims_leaf_01-asc_correlator_03-delivery-delay-m|0
cm1prd-ims_leaf_01-asc_gen_rtr-delivery-delay-m|0
cm1prd-ims_leaf_01-ims_agg-delivery-delay-m|1
cm1prd-ims_leaf_01-ims_gen_bbt-delivery-delay-m|0
cm1prd-ims_leaf_01-ims_gen_fms-delivery-delay-m|0
cm1prd-ims_leaf_01-ims_gen_inv-delivery-delay-m|0
cm1prd-ims_leaf_01-ims_gen_udr-delivery-delay-m|0
cm1prd-ims_leaf_01-ims_gen_unbill-delivery-delay-m|0
cm1prd-msc_agg_billing-AggregatedRecords-delivery-delay-m|0
cm1prd-msc_agg_billing-VCDRPartials2In1Correlation-delivery-delay-m|0
cm1prd-msc_agg_udr-AggregatedRecords-delivery-delay-m|0
cm1prd-msc_corr_ain-CorrelationOutput-delivery-delay-m|4
cm1prd-msc_corr_ain-FastLoop-delivery-delay-m|4
cm1prd-msc_corr_ain-SlowLoop-delivery-delay-m|4
cm1prd-msc_corr_bin-CorrelationOutput-delivery-delay-m|2
cm1prd-msc_corr_bin-DuplicatedRecords2Recycle-delivery-delay-m|19
cm1prd-msc_corr_bin-FastLoop-delivery-delay-m|0
cm1prd-msc_corr_bin-SlowLoop-delivery-delay-m|0
cm1prd-msc_corr_camel-CorrelationOutput-delivery-delay-m|3
cm1prd-msc_corr_camel-FastLoop-delivery-delay-m|3
cm1prd-msc_corr_camel-SlowLoop-delivery-delay-m|3
cm1prd-msc_corr_udr-CorrelationOutput-delivery-delay-m|8
cm1prd-msc_corr_udr-FastLoop-delivery-delay-m|8
cm1prd-msc_corr_udr-SlowLoop-delivery-delay-m|8
cm1prd-msc_corr_tas-FastLoop-delivery-delay-m|36
cm1prd-msc_corr_tas-SlowLoop-delivery-delay-m|36
cm1prd-msc_corr_tas-DDSubmitter-delivery-delay-m|52
cm1prd-msc_dispatcher_billing-Aggregation-delivery-delay-m|0
cm1prd-msc_dispatcher_billing-AinCorrelation-delivery-delay-m|0
cm1prd-msc_dispatcher_billing-BinCorrelation-delivery-delay-m|0
cm1prd-msc_dispatcher_billing-CamelCorrelation-delivery-delay-m|0
cm1prd-msc_dispatcher_billing-FreePhone_SplitCharge_Processing-delivery-delay-m|1
cm1prd-msc_dispatcher_billing-Roaming-delivery-delay-m|0
cm1prd-msc_dispatcher_billing-S2KAS-delivery-delay-m|0
cm1prd-msc_dispatcher_billing-msc_gen_unbill-delivery-delay-m|2
cm1prd-msc_dispatcher_udr-Aggregation-delivery-delay-m|0
cm1prd-msc_dispatcher_udr-Interconnect-delivery-delay-m|0
cm1prd-msc_dispatcher_udr-UdrCorrelation-delivery-delay-m|0
cm1prd-msc_dispatcher_udr-Wholesale-delivery-delay-m|0
cm1prd-msc_dispatcher_udr-raw_udr-delivery-delay-m|0
cm1prd-msc_gen_as-RTR4RCR-delivery-delay-m|4
cm1prd-msc_gen_bzsi-DDSubmitter-delivery-delay-m|0
cm1prd-msc_gen_fms-DDSubmitter-delivery-delay-m|0
cm1prd-msc_gen_inter-msc_corr_tas-delivery-delay-m|9
cm1prd-msc_gen_inter-DDSubmitter-delivery-delay-m|9
cm1prd-msc_gen_inv-DDSubmitter-delivery-delay-m|9
cm1prd-msc_gen_no-RTR4RCR-delivery-delay-m|0
cm1prd-msc_gen_nrtrde-DDSubmitter-delivery-delay-m|0
cm1prd-msc_gen_roam-DDSubmitter-delivery-delay-m|1
cm1prd-msc_gen_uca-DDSubmitter-delivery-delay-m|1
cm1prd-msc_gen_udr-DDSubmitter-delivery-delay-m|9
cm1prd-msc_gen_unbill-DDSubmitter-delivery-delay-m|0
cm1prd-msc_leaf_Type2_01-msc_dispatcher-delivery-delay-m|0
cm1prd-msc_leaf_Type2_01-msc_dispatcher_udr-delivery-delay-m|0
cm1prd-msc_leaf_Type2_01-msc_gen_as-delivery-delay-m|0
cm1prd-msc_leaf_Type2_01-msc_gen_bzsi-delivery-delay-m|0
cm1prd-msc_leaf_Type2_01-msc_gen_fms-delivery-delay-m|0
cm1prd-msc_leaf_Type2_01-msc_gen_inter-delivery-delay-m|0
cm1prd-msc_leaf_Type2_01-msc_gen_inv-delivery-delay-m|0
cm1prd-msc_leaf_Type2_01-msc_gen_no-delivery-delay-m|0
cm1prd-msc_leaf_Type2_01-msc_gen_nrtrde-delivery-delay-m|0
cm1prd-msc_leaf_Type2_01-msc_gen_roam-delivery-delay-m|0
cm1prd-msc_leaf_Type2_01-msc_gen_uca-delivery-delay-m|0
cm1prd-msc_leaf_Type2_01-msc_gen_udr-delivery-delay-m|0
cm1prd-msc_leaf_Type2_01-msc_gen_unbill-delivery-delay-m|0
cm1prd-msc_leaf_Type2_01-raw_udr-delivery-delay-m|0
cm1prd-msc_leaf_Type2_02-msc_dispatcher-delivery-delay-m|0
cm1prd-msc_leaf_Type2_02-msc_dispatcher_udr-delivery-delay-m|0
cm1prd-msc_leaf_Type2_02-msc_gen_as-delivery-delay-m|0
cm1prd-msc_leaf_Type2_02-msc_gen_bzsi-delivery-delay-m|0
cm1prd-msc_leaf_Type2_02-msc_gen_fms-delivery-delay-m|0
cm1prd-msc_leaf_Type2_02-msc_gen_inter-delivery-delay-m|0
cm1prd-msc_leaf_Type2_02-msc_gen_inv-delivery-delay-m|0
cm1prd-msc_leaf_Type2_02-msc_gen_no-delivery-delay-m|0
cm1prd-msc_leaf_Type2_02-msc_gen_nrtrde-delivery-delay-m|0
cm1prd-msc_leaf_Type2_02-msc_gen_roam-delivery-delay-m|0
cm1prd-msc_leaf_Type2_02-msc_gen_uca-delivery-delay-m|0
cm1prd-msc_leaf_Type2_02-msc_gen_udr-delivery-delay-m|0
cm1prd-msc_leaf_Type2_02-msc_gen_unbill-delivery-delay-m|0
cm1prd-msc_leaf_Type2_02-raw_udr-delivery-delay-m|0
cm1prd-msc_leaf_Type2_03-msc_dispatcher-delivery-delay-m|0
cm1prd-msc_leaf_Type2_03-msc_dispatcher_udr-delivery-delay-m|0
cm1prd-msc_leaf_Type2_03-msc_gen_as-delivery-delay-m|0
cm1prd-msc_leaf_Type2_03-msc_gen_bzsi-delivery-delay-m|0
cm1prd-msc_leaf_Type2_03-msc_gen_fms-delivery-delay-m|0
cm1prd-msc_leaf_Type2_03-msc_gen_inter-delivery-delay-m|0
cm1prd-msc_leaf_Type2_03-msc_gen_inv-delivery-delay-m|0
cm1prd-msc_leaf_Type2_03-msc_gen_no-delivery-delay-m|0
cm1prd-msc_leaf_Type2_03-msc_gen_nrtrde-delivery-delay-m|0
cm1prd-msc_leaf_Type2_03-msc_gen_roam-delivery-delay-m|0
cm1prd-msc_leaf_Type2_03-msc_gen_uca-delivery-delay-m|0
cm1prd-msc_leaf_Type2_03-msc_gen_udr-delivery-delay-m|0
cm1prd-msc_leaf_Type2_03-msc_gen_unbill-delivery-delay-m|0
cm1prd-msc_leaf_Type2_03-raw_udr-delivery-delay-m|0
cm1prd-msc_leaf_Type2_04-msc_dispatcher-delivery-delay-m|0
cm1prd-msc_leaf_Type2_04-msc_dispatcher_udr-delivery-delay-m|0
cm1prd-msc_leaf_Type2_04-msc_gen_as-delivery-delay-m|3
cm1prd-msc_leaf_Type2_04-msc_gen_bzsi-delivery-delay-m|0
cm1prd-msc_leaf_Type2_04-msc_gen_fms-delivery-delay-m|0
cm1prd-msc_leaf_Type2_04-msc_gen_inter-delivery-delay-m|0
cm1prd-msc_leaf_Type2_04-msc_gen_inv-delivery-delay-m|2
cm1prd-msc_leaf_Type2_04-msc_gen_no-delivery-delay-m|0
cm1prd-msc_leaf_Type2_04-msc_gen_nrtrde-delivery-delay-m|0
cm1prd-msc_leaf_Type2_04-msc_gen_roam-delivery-delay-m|0
cm1prd-msc_leaf_Type2_04-msc_gen_uca-delivery-delay-m|0
cm1prd-msc_leaf_Type2_04-msc_gen_udr-delivery-delay-m|0
cm1prd-msc_leaf_Type2_04-msc_gen_unbill-delivery-delay-m|0
cm1prd-msc_leaf_Type2_04-raw_udr-delivery-delay-m|0
cm1prd-msc_leaf_Type2_05-msc_dispatcher-delivery-delay-m|0
cm1prd-msc_leaf_Type2_05-msc_dispatcher_udr-delivery-delay-m|0
cm1prd-msc_leaf_Type2_05-msc_gen_as-delivery-delay-m|0
cm1prd-msc_leaf_Type2_05-msc_gen_bzsi-delivery-delay-m|0
cm1prd-msc_leaf_Type2_05-msc_gen_fms-delivery-delay-m|0
cm1prd-msc_leaf_Type2_05-msc_gen_inter-delivery-delay-m|0
cm1prd-msc_leaf_Type2_05-msc_gen_inv-delivery-delay-m|0
cm1prd-msc_leaf_Type2_05-msc_gen_no-delivery-delay-m|0
cm1prd-msc_leaf_Type2_05-msc_gen_nrtrde-delivery-delay-m|0
cm1prd-msc_leaf_Type2_05-msc_gen_roam-delivery-delay-m|0
cm1prd-msc_leaf_Type2_05-msc_gen_uca-delivery-delay-m|0
cm1prd-msc_leaf_Type2_05-msc_gen_udr-delivery-delay-m|0
cm1prd-msc_leaf_Type2_05-msc_gen_unbill-delivery-delay-m|0
cm1prd-msc_leaf_Type2_05-raw_udr-delivery-delay-m|0
cm1prd-vpbx_gen_fms-DDSubmitter-delivery-delay-m|14
cm1prd-vpbx_gen_bwasfms-DDSubmitter-delivery-delay-m|4
cm1prd-vpbx_leaf_01-asc_correlator_00-delivery-delay-m|27
cm1prd-vpbx_leaf_01-asc_correlator_01-delivery-delay-m|22
cm1prd-vpbx_leaf_01-asc_correlator_02-delivery-delay-m|1421
cm1prd-vpbx_leaf_01-asc_correlator_03-delivery-delay-m|141
cm1prd-vpbx_leaf_01-vpbx_gen_fms-delivery-delay-m|22
cm1prd-vpbx_leaf_01-DDSubmitter-delivery-delay-m|22
cm1prd-raw_gen_udr_14-DDSubmitter-delivery-delay-m|3
cm1prd-raw_gen_udr_26-DDSubmitter-delivery-delay-m|8
cm1prd-raw_gen_udr_09-DDSubmitter-delivery-delay-m|2
cm1prd-raw_gen_udr_36-DDSubmitter-delivery-delay-m|8
cm1prd-raw_gen_udr_30-DDSubmitter-delivery-delay-m|1549
cm1prd-raw_gen_udr_12-DDSubmitter-delivery-delay-m|8
cm1prd-raw_gen_udr_13-DDSubmitter-delivery-delay-m|8
cm1prd-raw_gen_udr_19-DDSubmitter-delivery-delay-m|64
cm1prd-raw_gen_udr_23-DDSubmitter-delivery-delay-m|4
cm1prd-raw_gen_udr_25-DDSubmitter-delivery-delay-m|230
cm1prd-raw_gen_udr_160-DDSubmitter-delivery-delay-m|8
cm1prd-raw_gen_udr_161-DDSubmitter-delivery-delay-m|8
cm1prd-raw_gen_udr_162-DDSubmitter-delivery-delay-m|8
cm1prd-raw_gen_udr_163-DDSubmitter-delivery-delay-m|6
cm1prd-raw_gen_udr_164-DDSubmitter-delivery-delay-m|4
cm1prd-raw_gen_udr_166-DDSubmitter-delivery-delay-m|8
cm1prd-raw_gen_udr_18-DDSubmitter-delivery-delay-m|8
cm1prd-raw_gen_udr_54-DDSubmitter-delivery-delay-m|8
cm1prd-raw_gen_udr_61-DDSubmitter-delivery-delay-m|2
cm1prd-raw_gen_udr_63-DDSubmitter-delivery-delay-m|8
cm1prd-raw_gen_udr_65-DDSubmitter-delivery-delay-m|8
cm1prd-raw_gen_udr_66-DDSubmitter-delivery-delay-m|7
cm1prd-raw_gen_udr_73-DDSubmitter-delivery-delay-m|8
cm1prd-raw_gen_udr_77-DDSubmitter-delivery-delay-m|8
cm1prd-raw_gen_udr_79-DDSubmitter-delivery-delay-m|3
cm1prd-raw_gen_udr_80-DDSubmitter-delivery-delay-m|8
cm1prd-raw_gen_udr_81-DDSubmitter-delivery-delay-m|8
cm1prd-raw_gen_udr_mbs_96-DDSubmitter-delivery-delay-m|3
cm1prd-raw_udr-raw_gen_udr-delivery-delay-m|0
cm1prd-ngin_leaf_01-asc_correlator_00-delivery-delay-m|1
cm1prd-ngin_leaf_01-asc_correlator_01-delivery-delay-m|5
cm1prd-ngin_leaf_01-asc_correlator_02-delivery-delay-m|1
cm1prd-ngin_leaf_01-asc_correlator_03-delivery-delay-m|1
cm1prd-ngin_leaf_01-DDSubmitter-delivery-delay-m|1
cm1prd-ngin_leaf_02-asc_correlator_00-delivery-delay-m|1
cm1prd-ngin_leaf_02-asc_correlator_01-delivery-delay-m|5
cm1prd-ngin_leaf_02-asc_correlator_02-delivery-delay-m|1
cm1prd-ngin_leaf_02-asc_correlator_03-delivery-delay-m|5
cm1prd-ngin_leaf_02-DDSubmitter-delivery-delay-m|1
cm1prd-sis_leaf_01-asc_correlator_00-delivery-delay-m|1
cm1prd-sis_leaf_01-asc_correlator_01-delivery-delay-m|1
cm1prd-sis_leaf_01-asc_correlator_02-delivery-delay-m|1
cm1prd-sis_leaf_01-asc_correlator_03-delivery-delay-m|1
cm1prd-sis_leaf_01-DDSubmitter-delivery-delay-m|1
cm1prd-sis_leaf_02-asc_correlator_00-delivery-delay-m|1
cm1prd-sis_leaf_02-asc_correlator_01-delivery-delay-m|1
cm1prd-sis_leaf_02-asc_correlator_02-delivery-delay-m|1
cm1prd-sis_leaf_02-asc_correlator_03-delivery-delay-m|1
cm1prd-sis_leaf_02-DDSubmitter-delivery-delay-m|1
cm1prd-cfx_leaf_01-asc_correlator_00-delivery-delay-m|0
cm1prd-cfx_leaf_01-asc_correlator_01-delivery-delay-m|0
cm1prd-cfx_leaf_01-asc_correlator_02-delivery-delay-m|0
cm1prd-cfx_leaf_01-asc_correlator_03-delivery-delay-m|0
cm1prd-cfx_leaf_01-DDSubmitter-delivery-delay-m|0
cm1prd-cfx_leaf_02-asc_correlator_00-delivery-delay-m|0
cm1prd-cfx_leaf_02-asc_correlator_01-delivery-delay-m|0
cm1prd-cfx_leaf_02-asc_correlator_02-delivery-delay-m|0
cm1prd-cfx_leaf_02-asc_correlator_03-delivery-delay-m|0
cm1prd-cfx_leaf_02-DDSubmitter-delivery-delay-m|0
cm1prd-asc_correlator_00_00-Correlates-delivery-delay-m|4
cm1prd-asc_correlator_01_00-Correlates-delivery-delay-m|4
cm1prd-asc_correlator_02_00-Correlates-delivery-delay-m|4
cm1prd-asc_correlator_03_00-Correlates-delivery-delay-m|0
cm1prd-asc_distributor_00-ASCDiag1-delivery-delay-m|0
cm1prd-asc_distributor_00-ASCDiag2-delivery-delay-m|0
cm1prd-asc_distributor_00-RCRGen-delivery-delay-m|0
cm1prd-asc_distributor_01-ASCDiag1-delivery-delay-m|4
cm1prd-asc_distributor_01-ASCDiag2-delivery-delay-m|4
cm1prd-asc_distributor_01-RCRGen-delivery-delay-m|4
cm1prd-asc_distributor_02-ASCDiag1-delivery-delay-m|4
cm1prd-asc_distributor_02-ASCDiag2-delivery-delay-m|4
cm1prd-asc_distributor_02-RCRGen-delivery-delay-m|4
cm1prd-asc_distributor_03-ASCDiag1-delivery-delay-m|0
cm1prd-asc_distributor_03-ASCDiag2-delivery-delay-m|0
cm1prd-asc_distributor_03-RCRGen-delivery-delay-m|0
cm1prd-asc_gen_rtr-RTR4RCR-delivery-delay-m|2
cm1prd-asc_gen_rtr-RTRDelivery-delivery-delay-m|2
cm1prd-mmsc-MMS202-last-file-delay-m|0
cm1prd-mmsc-MMSC01-last-file-delay-m|0
cm1prd-alcatel-BAL_GPRS-last-file-delay-m|8
cm1prd-alcatel-BAL_RTC-last-file-delay-m|28
cm1prd-alcatel-POZ_GPRS-last-file-delay-m|3
cm1prd-alcatel-POZ_RTC-last-file-delay-m|23
cm1prd-kis-IVR2-last-file-delay-m|1
cm1prd-kis-KON1-last-file-delay-m|9
cm1prd-kis-KON2-last-file-delay-m|1
cm1prd-kis-SMS1-last-file-delay-m|7
cm1prd-smsr-HR0001-last-file-delay-m|0
cm1prd-smsr-HR0002-last-file-delay-m|0
cm1prd-smsr-SC1200-last-file-delay-m|0
cm1prd-smsr-SC3200-last-file-delay-m|0
cm1prd-bwas-BWAS10-last-file-delay-m|2
cm1prd-bwas-BWAS20-last-file-delay-m|2
cm1prd-rcs-MAAP01-last-file-delay-m|9678
cm1prd-cmis-CMISRT02-last-file-delay-m|2
cm1prd-ecscf-ECSCF01-last-file-delay-m|0
cm1prd-ecscf-ECSCF02-last-file-delay-m|0
cm1prd-ims-TA10-last-file-delay-m|0
cm1prd-ims-TA11-last-file-delay-m|0
cm1prd-ims-TA12-last-file-delay-m|0
cm1prd-ims-TA13-last-file-delay-m|0
cm1prd-ims-TA30-last-file-delay-m|0
cm1prd-ims-TA31-last-file-delay-m|0
cm1prd-ims-TA32-last-file-delay-m|0
cm1prd-ims-TA33-last-file-delay-m|0
cm1prd-msc-M410-last-file-delay-m|0
cm1prd-msc-M411-last-file-delay-m|0
cm1prd-msc-M510-last-file-delay-m|0
cm1prd-msc-M511-last-file-delay-m|0
cm1prd-msc-M512-last-file-delay-m|0
cm1prd-msc-M310-last-file-delay-m|0
cm1prd-msc-M311-last-file-delay-m|0
cm1prd-msc-M312-last-file-delay-m|0
cm1prd-msc-M500-last-file-delay-m|3
cm1prd-msc-M501-last-file-delay-m|1
cm1prd-msc-M502-last-file-delay-m|2
cm1prd-msc-M110-last-file-delay-m|0
cm1prd-msc-M111-last-file-delay-m|0
cm1prd-msc-M112-last-file-delay-m|0
cm1prd-vpbx-VPBXP1-last-file-delay-m|3
cm1prd-vpbx-VPBXP2-last-file-delay-m|3
cm1prd-vpbx-VPBXP3-last-file-delay-m|3
cm1prd-vpbx-VPBXW1-last-file-delay-m|3
cm1prd-vpbx-VPBXW2-last-file-delay-m|3
cm1prd-vpbx-VPBXW3-last-file-delay-m|3
cm1prd-ngin-NGOIPO-last-file-delay-m|3
cm1prd-ngin-NGOIWA-last-file-delay-m|3
cm1prd-sis-SOIPO-last-file-delay-m|3
cm1prd-sis-SOIWA-last-file-delay-m|3
cm1prd-cfx-PO01-last-file-delay-m|0
cm1prd-cfx-PO02-last-file-delay-m|0
cm1prd-cfx-PO03-last-file-delay-m|0
cm1prd-cfx-PO04-last-file-delay-m|0
cm1prd-cfx-WA01-last-file-delay-m|0
cm1prd-cfx-WA02-last-file-delay-m|0
cm1prd-cfx-WA03-last-file-delay-m|0
cm1prd-cfx-WA04-last-file-delay-m|0
cm1prd-refresh_ref_data_db-delay-m|180
cm1prd-nwshm-FM-loaded-delay-h|6
cm1prd-nwshm-FI-loaded-delay-h|6
cm1prd-shm-LD-loaded-delay-h|9
cm1prd-shm-file-loaded-delay-m|0
cm1prd-reload-ium-rd-delay-m|815
cm1prd-nrtrde-script-delay-m|
cm1prd-bcp2ium-script-delay-m|815
cm1prd-alcatel-Output-Undelivered-queue|0
cm1prd-asc-Output-Undelivered-queue|0
cm1prd-bcms-Output-Undelivered-queue|0
cm1prd-cfx-Output-Undelivered-queue|0
cm1prd-ecscf-Output-Undelivered-queue|0
cm1prd-ims-Output-Undelivered-queue|0
cm1prd-kis-Output-Undelivered-queue|0
cm1prd-mmsc-Output-Undelivered-queue|0
cm1prd-msc-Output-Undelivered-queue|0
cm1prd-ngin-Output-Undelivered-queue|0
cm1prd-raw-Output-Undelivered-queue|0
cm1prd-rcs-Output-Undelivered-queue|0
cm1prd-sis-Output-Undelivered-queue|0
cm1prd-smsr-Output-Undelivered-queue|0
cm1prd-vpbx-Output-Undelivered-queue|0
cm1prd-vpbx-vpbx_gen_bzsi-Undelivered-queue|0
cm1prd-ims-InvalidFiles-queue|0
cm1prd-ims-InvalidFiles-age-h|0
cm1prd-mmsc-InvalidFiles-queue|0
cm1prd-mmsc-InvalidFiles-age-h|0
cm1prd-msc-InvalidFiles-queue|0
cm1prd-msc-InvalidFiles-age-h|0
cm1prd-vpbx-InvalidFiles-queue|0
cm1prd-vpbx-InvalidFiles-age-h|0
cm1prd-alcatel-DuplicateFiles-queue|0
cm1prd-alcatel-DuplicateFiles-age-h|0
cm1prd-cfx-DuplicateFiles-queue|0
cm1prd-cfx-DuplicateFiles-age-h|0
cm1prd-cmis-DuplicateFiles-queue|0
cm1prd-cmis-DuplicateFiles-age-h|0
cm1prd-ims-DuplicateFiles-queue|0
cm1prd-ims-DuplicateFiles-age-h|0
cm1prd-kis-DuplicateFiles-queue|0
cm1prd-kis-DuplicateFiles-age-h|0
cm1prd-mmsc-DuplicateFiles-queue|0
cm1prd-mmsc-DuplicateFiles-age-h|0
cm1prd-msc-DuplicateFiles-queue|0
cm1prd-msc-DuplicateFiles-age-h|0
cm1prd-ngin-DuplicateFiles-queue|0
cm1prd-ngin-DuplicateFiles-age-h|0
cm1prd-rcs-DuplicateFiles-queue|0
cm1prd-rcs-DuplicateFiles-age-h|0
cm1prd-sis-DuplicateFiles-queue|0
cm1prd-sis-DuplicateFiles-age-h|0
cm1prd-smsr-DuplicateFiles-queue|0
cm1prd-smsr-DuplicateFiles-age-h|0
cm1prd-alcatelAINF-workflow-queue|0
cm1prd-alcatelAINF-workflow-age-h|0
cm1prd-alcatelAINF-leafs-queue|0
cm1prd-alcatelAINF-leafs-age-h|0
cm1prd-bwasBWSF-workflow-queue|2
cm1prd-bwasBWSF-workflow-age-h|0
cm1prd-bwasBWSF-leafs-queue|0
cm1prd-bwasBWSF-leafs-age-h|0
cm1prd-cfxCFXF-workflow-queue|76
cm1prd-cfxCFXF-workflow-age-h|0
cm1prd-cfxCFXF-leafs-queue|79
cm1prd-cfxCFXF-leafs-age-h|0
cm1prd-cmisCMRF-workflow-queue|1
cm1prd-cmisCMRF-workflow-age-h|0
cm1prd-cmisCMRF-leafs-queue|0
cm1prd-cmisCMRF-leafs-age-h|0
cm1prd-ecscfCSCF-workflow-queue|0
cm1prd-ecscfCSCF-workflow-age-h|0
cm1prd-ecscfCSCF-leafs-queue|6
cm1prd-ecscfCSCF-leafs-age-h|0
cm1prd-imsIMSF-workflow-queue|3
cm1prd-imsIMSF-workflow-age-h|0
cm1prd-imsIMSF-leafs-queue|0
cm1prd-imsIMSF-leafs-age-h|0
cm1prd-kisKISF-workflow-queue|1
cm1prd-kisKISF-workflow-age-h|0
cm1prd-kisKISF-leafs-queue|2
cm1prd-kisKISF-leafs-age-h|0
cm1prd-mmscMMSF-workflow-queue|2
cm1prd-mmscMMSF-workflow-age-h|0
cm1prd-mmscMMSF-leafs-queue|0
cm1prd-mmscMMSF-leafs-age-h|0
cm1prd-nginNGIF-workflow-queue|0
cm1prd-nginNGIF-workflow-age-h|0
cm1prd-nginNGIF-leafs-queue|0
cm1prd-nginNGIF-leafs-age-h|0
cm1prd-rcsRCSF-workflow-queue|0
cm1prd-rcsRCSF-workflow-age-h|0
cm1prd-rcsRCSF-leafs-queue|0
cm1prd-rcsRCSF-leafs-age-h|0
cm1prd-sisSISF-workflow-queue|0
cm1prd-sisSISF-workflow-age-h|0
cm1prd-sisSISF-leafs-queue|0
cm1prd-sisSISF-leafs-age-h|0
cm1prd-smsrSMHF-workflow-queue|0
cm1prd-smsrSMHF-workflow-age-h|0
cm1prd-smsrSMHF-leafs-queue|0
cm1prd-smsrSMHF-leafs-age-h|0
cm1prd-smsrSMRF-workflow-queue|0
cm1prd-smsrSMRF-workflow-age-h|0
cm1prd-smsrSMRF-leafs-queue|0
cm1prd-smsrSMRF-leafs-age-h|0
cm1prd-vpbxVPBF-workflow-queue|0
cm1prd-vpbxVPBF-workflow-age-h|0
cm1prd-vpbxVPBF-leafs-queue|0
cm1prd-vpbxVPBF-leafs-age-h|0
cm1prd-vpbxVPXF-workflow-queue|0
cm1prd-vpbxVPXF-workflow-age-h|0
cm1prd-vpbxVPXF-leafs-queue|0
cm1prd-vpbxVPXF-leafs-age-h|0
cm1prd-alcatel_gen_inter-input-queue|0
cm1prd-alcatel_gen_inter-input-age-h|0
cm1prd-alcatel_gen_mbs-input-queue|0
cm1prd-alcatel_gen_mbs-input-age-h|0
cm1prd-alcatel_gen_sgv-input-queue|1
cm1prd-alcatel_gen_sgv-input-age-h|0
cm1prd-alcatel_gen_ucr-input-queue|0
cm1prd-alcatel_gen_ucr-input-age-h|0
cm1prd-alcatel_gen_ui-input-queue|0
cm1prd-alcatel_gen_ui-input-age-h|0
cm1prd-asc_billableTas-input-queue|0
cm1prd-asc_billableTas-input-age-h|0
cm1prd-asc_cleaner_00-input-queue|0
cm1prd-asc_cleaner_00-input-age-h|0
cm1prd-asc_cleaner_01-input-queue|0
cm1prd-asc_cleaner_01-input-age-h|0
cm1prd-asc_cleaner_02-input-queue|0
cm1prd-asc_cleaner_02-input-age-h|0
cm1prd-asc_cleaner_03-input-queue|0
cm1prd-asc_cleaner_03-input-age-h|0
cm1prd-asc_correlator_pipe00-input-queue|696
cm1prd-asc_correlator_pipe00-input-age-h|0
cm1prd-asc_correlator_pipe01-input-queue|687
cm1prd-asc_correlator_pipe01-input-age-h|0
cm1prd-asc_correlator_pipe02-input-queue|703
cm1prd-asc_correlator_pipe02-input-age-h|0
cm1prd-asc_correlator_pipe03-input-queue|685
cm1prd-asc_correlator_pipe03-input-age-h|0
cm1prd-asc_distributor_00-input-queue|1
cm1prd-asc_distributor_00-input-age-h|0
cm1prd-asc_distributor_01-input-queue|1
cm1prd-asc_distributor_01-input-age-h|0
cm1prd-asc_distributor_02-input-queue|1
cm1prd-asc_distributor_02-input-age-h|0
cm1prd-asc_distributor_03-input-queue|1
cm1prd-asc_distributor_03-input-age-h|0
cm1prd-asc_gen_rtr-input-queue|38
cm1prd-asc_gen_rtr-input-age-h|0
cm1prd-bcms_gen_bill-input-queue|0
cm1prd-bcms_gen_bill-input-age-h|0
cm1prd-bwas_agg-input-queue|4
cm1prd-bwas_agg-input-age-h|0
cm1prd-bwas_ascii2binReproc-input-queue|0
cm1prd-bwas_ascii2binReproc-input-age-h|0
cm1prd-bwas_bin2asciiReproc-input-queue|0
cm1prd-bwas_bin2asciiReproc-input-age-h|0
cm1prd-bwas_corr_cscf-input-queue|3
cm1prd-bwas_corr_cscf-input-age-h|48
cm1prd-bwas_corr_failover-input-queue|0
cm1prd-bwas_corr_failover-input-age-h|0
cm1prd-bwas_corr_ot-input-queue|5
cm1prd-bwas_corr_ot-input-age-h|48
cm1prd-bwas_gen_bzsi-input-queue|4
cm1prd-bwas_gen_bzsi-input-age-h|0
cm1prd-bwas_gen_rcr-input-queue|3
cm1prd-bwas_gen_rcr-input-age-h|0
cm1prd-bwas_gen_uid-input-queue|2
cm1prd-bwas_gen_uid-input-age-h|0
cm1prd-bwas_recycler-input-queue|27
cm1prd-bwas_recycler-input-age-h|0
cm1prd-cfx-RepAscii-input-queue|0
cm1prd-cfx-RepAscii-input-age-h|0
cm1prd-cfx-RepBin-input-queue|2
cm1prd-cfx-RepBin-input-age-h|69
cm1prd-cmis_gen_bill-input-queue|4
cm1prd-cmis_gen_bill-input-age-h|0
cm1prd-cmis_gen_fms-input-queue|2
cm1prd-cmis_gen_fms-input-age-h|0
cm1prd-cmis_gen_inv-input-queue|0
cm1prd-cmis_gen_inv-input-age-h|0
cm1prd-cmis_rt_ascii2bin-input-queue|0
cm1prd-cmis_rt_ascii2bin-input-age-h|0
cm1prd-cmis_rt_bin2ascii-input-queue|0
cm1prd-cmis_rt_bin2ascii-input-age-h|0
cm1prd-cmis_rt_gen_audit-input-queue|4
cm1prd-cmis_rt_gen_audit-input-age-h|0
cm1prd-ecscf_ascii2binReproc-input-queue|0
cm1prd-ecscf_ascii2binReproc-input-age-h|0
cm1prd-ecscf_bin2asciiReproc-input-queue|0
cm1prd-ecscf_bin2asciiReproc-input-age-h|0
cm1prd-ecscf_gen_invalid-input-queue|0
cm1prd-ecscf_gen_invalid-input-age-h|0
cm1prd-ims_agg-input-queue|1
cm1prd-ims_agg-input-age-h|0
cm1prd-ims_gen_bbt-input-queue|2
cm1prd-ims_gen_bbt-input-age-h|0
cm1prd-ims_gen_bill-input-queue|0
cm1prd-ims_gen_bill-input-age-h|0
cm1prd-ims_gen_fms-input-queue|5
cm1prd-ims_gen_fms-input-age-h|0
cm1prd-ims_gen_inv-input-queue|73
cm1prd-ims_gen_inv-input-age-h|0
cm1prd-ims_gen_udr-input-queue|10
cm1prd-ims_gen_udr-input-age-h|0
cm1prd-ims_gen_unbill-input-queue|5
cm1prd-ims_gen_unbill-input-age-h|0
cm1prd-ims-Reprocessing-input-queue|0
cm1prd-ims-Reprocessing-input-age-h|0
cm1prd-kis_corr_bill-input-queue|3
cm1prd-kis_corr_bill-input-age-h|0
cm1prd-kis_gen_bill-input-queue|0
cm1prd-kis_gen_bill-input-age-h|0
cm1prd-maap-RepAscii-input-queue|0
cm1prd-maap-RepAscii-input-age-h|0
cm1prd-maap-RepBin-input-queue|0
cm1prd-maap-RepBin-input-age-h|0
cm1prd-mmsc_gen_bbt-input-queue|41
cm1prd-mmsc_gen_bbt-input-age-h|0
cm1prd-mmsc_gen_bill-input-queue|11
cm1prd-mmsc_gen_bill-input-age-h|0
cm1prd-mmsc_gen_dwh-input-queue|41
cm1prd-mmsc_gen_dwh-input-age-h|0
cm1prd-mmsc_gen_fms-input-queue|3
cm1prd-mmsc_gen_fms-input-age-h|0
cm1prd-mmsc_gen_inter-input-queue|41
cm1prd-mmsc_gen_inter-input-age-h|0
cm1prd-mmsc_gen_nbs-input-queue|0
cm1prd-mmsc_gen_nbs-input-age-h|0
cm1prd-mmsc_gen_ui-input-queue|41
cm1prd-mmsc_gen_ui-input-age-h|0
cm1prd-mmsc-RepUI-input-queue|0
cm1prd-mmsc-RepUI-input-age-h|0
cm1prd-msc_agg-input-queue|1
cm1prd-msc_agg-input-age-h|0
cm1prd-msc_agg_udr-input-queue|1
cm1prd-msc_agg_udr-input-age-h|0
cm1prd-msc_corr_ain-input-queue|7
cm1prd-msc_corr_ain-input-age-h|48
cm1prd-msc_corr_bin-input-queue|8
cm1prd-msc_corr_bin-input-age-h|48
cm1prd-msc_corr_camel-input-queue|7
cm1prd-msc_corr_camel-input-age-h|49
cm1prd-msc_corr_tas-input-queue|6
cm1prd-msc_corr_tas-input-age-h|48
cm1prd-msc_corr_udr-input-queue|10
cm1prd-msc_corr_udr-input-age-h|24
cm1prd-msc_dispatcher-input-queue|33
cm1prd-msc_dispatcher-input-age-h|0
cm1prd-msc_dispatcher_udr-input-queue|32
cm1prd-msc_dispatcher_udr-input-age-h|0
cm1prd-msc_gen_as-input-queue|19
cm1prd-msc_gen_as-input-age-h|0
cm1prd-msc_gen_bes-input-queue|0
cm1prd-msc_gen_bes-input-age-h|0
cm1prd-msc_gen_bzsi-input-queue|11
cm1prd-msc_gen_bzsi-input-age-h|0
cm1prd-msc_gen_fms-input-queue|11
cm1prd-msc_gen_fms-input-age-h|0
cm1prd-msc_gen_inter-input-queue|373
cm1prd-msc_gen_inter-input-age-h|0
cm1prd-msc_gen_inv-input-queue|47
cm1prd-msc_gen_inv-input-age-h|0
cm1prd-msc_gen_no-input-queue|6
cm1prd-msc_gen_no-input-age-h|0
cm1prd-msc_gen_nrtrde-input-queue|5
cm1prd-msc_gen_nrtrde-input-age-h|0
cm1prd-msc_gen_roam-input-queue|39
cm1prd-msc_gen_roam-input-age-h|0
cm1prd-msc_gen_sgv-input-queue|0
cm1prd-msc_gen_sgv-input-age-h|0
cm1prd-msc_gen_uca-input-queue|59
cm1prd-msc_gen_uca-input-age-h|0
cm1prd-msc_gen_udr-input-queue|373
cm1prd-msc_gen_udr-input-age-h|0
cm1prd-msc_gen_unbill-input-queue|8
cm1prd-msc_gen_unbill-input-age-h|0
cm1prd-msc-RepASCII_Type1-input-queue|0
cm1prd-msc-RepASCII_Type1-input-age-h|0
cm1prd-msc-RepASCII_Type2-input-queue|0
cm1prd-msc-RepASCII_Type2-input-age-h|0
cm1prd-msc-RepBin_Type1-input-queue|0
cm1prd-msc-RepBin_Type1-input-age-h|0
cm1prd-msc-RepBin_Type2-input-queue|0
cm1prd-msc-RepBin_Type2-input-age-h|0
cm1prd-raw_udr-input-queue|3
cm1prd-raw_udr-input-age-h|0
cm1prd-rcs-MAAPF-input-queue|0
cm1prd-rcs-MAAPF-input-age-h|0
cm1prd-rcs_gen_udr-input-queue|0
cm1prd-rcs_gen_udr-input-age-h|0
cm1prd-rcs-RepAscii-input-queue|0
cm1prd-rcs-RepAscii-input-age-h|0
cm1prd-rcs-RepBin-input-queue|0
cm1prd-rcs-RepBin-input-age-h|0
cm1prd-smsr-RepHR-input-queue|0
cm1prd-smsr-RepHR-input-age-h|0
cm1prd-smsr_gen_bill-input-queue|1
cm1prd-smsr_gen_bill-input-age-h|0
cm1prd-smsr_gen_fms-input-queue|4
cm1prd-smsr_gen_fms-input-age-h|0
cm1prd-smsr_gen_idu-input-queue|19
cm1prd-smsr_gen_idu-input-age-h|0
cm1prd-smsr_gen_inter-input-queue|6
cm1prd-smsr_gen_inter-input-age-h|0
cm1prd-vpbx_agg-input-queue|0
cm1prd-vpbx_agg-input-age-h|0
cm1prd-vpbx_gen_bzsi-input-queue|0
cm1prd-vpbx_gen_bzsi-input-age-h|0
cm1prd-vpbx_gen_fms-input-queue|8
cm1prd-vpbx_gen_fms-input-age-h|0
cm1prd-vpbx_gen_rcr-input-queue|0
cm1prd-vpbx_gen_rcr-input-age-h|0
cm1prd-vpbx_gen_uid-input-queue|0
cm1prd-vpbx_gen_uid-input-age-h|0
cm1prd-nwshm-filter-archive-queue|18
cm1prd-nwshm-filter-archive-age-h|198
cm1prd-dd-error-queue|0
cm1prd-dd-error-age-h|0
cm1prd-iumdd-input-queue|0
cm1prd-iumdd-input-age-h|0
cm1prd-nwshm-filter-error-queue|0
cm1prd-nwshm-filter-error-age-h|0
cm1prd-shm-error-queue|0
cm1prd-shm-error-age-h|0
cm1prd-dd-submit-queue|3
cm1prd-dd-submit-age-h|0
cm1prd-dd-work-queue|136
cm1prd-dd-work-age-h|0
cm1prd-nwshm-filter-input-queue|0
cm1prd-nwshm-filter-input-age-h|0
cm1prd-ConfigServer-ewm|0
cm1prd-activate-ewm|0
cm1prd-alcatel_FileDistributor-ewm|0
cm1prd-alcatel_FileServer-ewm|0
cm1prd-alcatel_gen_inter-ewm|0
cm1prd-alcatel_gen_mbs-ewm|0
cm1prd-alcatel_gen_sgv-ewm|0
cm1prd-alcatel_gen_ucr-ewm|0
cm1prd-alcatel_gen_ui-ewm|0
cm1prd-alcatel_leaf_01-ewm|0
cm1prd-alcatel_leaf_02-ewm|0
cm1prd-asc_correlator_00_00-ewm|0
cm1prd-asc_correlator_01_00-ewm|0
cm1prd-asc_correlator_02_00-ewm|0
cm1prd-asc_correlator_03_00-ewm|0
cm1prd-asc_distributor_00-ewm|0
cm1prd-asc_distributor_01-ewm|0
cm1prd-asc_distributor_02-ewm|0
cm1prd-asc_distributor_03-ewm|0
cm1prd-asc_gen_rtr-ewm|0
cm1prd-bwas_FileDistributor-ewm|0
cm1prd-bwas_FileServer-ewm|0
cm1prd-bwas_agg-ewm|0
cm1prd-bwas_ascii2binReproc-ewm|0
cm1prd-bwas_bin2asciiReproc-ewm|0
cm1prd-bwas_corr_cscf-ewm|0
cm1prd-bwas_corr_failover-ewm|0
cm1prd-bwas_corr_ot-ewm|0
cm1prd-bwas_gen_bzsi-ewm|0
cm1prd-bwas_gen_rcr-ewm|0
cm1prd-bwas_gen_uid-ewm|0
cm1prd-bwas_leaf_01-ewm|0
cm1prd-bwas_leaf_02-ewm|0
cm1prd-bwas_recycler-ewm|0
cm1prd-cfx_FileDistributor-ewm|0
cm1prd-cfx_FileServer-ewm|0
cm1prd-cfx_leaf_01-ewm|0
cm1prd-cfx_leaf_02-ewm|0
cm1prd-cfx_rep_ascii-ewm|0
cm1prd-cfx_rep_bin-ewm|0
cm1prd-cm1prd-ewm|0
cm1prd-cmis_gen_bill-ewm|0
cm1prd-cmis_gen_fms-ewm|0
cm1prd-cmis_gen_inv-ewm|0
cm1prd-cmis_rt_FileDistributor-ewm|0
cm1prd-cmis_rt_FileServer-ewm|0
cm1prd-cmis_rt_ascii2binReproc-ewm|0
cm1prd-cmis_rt_bin2asciiReproc-ewm|0
cm1prd-cmis_rt_gen_audit-ewm|0
cm1prd-cmis_rt_leaf_01-ewm|0
cm1prd-configmanager-ewm|0
cm1prd-ecscf_FileDistributor-ewm|0
cm1prd-ecscf_FileServer-ewm|0
cm1prd-ecscf_ascii2binReproc-ewm|0
cm1prd-ecscf_bin2asciiReproc-ewm|0
cm1prd-ecscf_gen_invalid-ewm|0
cm1prd-ecscf_leaf_01-ewm|0
cm1prd-ims_FileDistributor-ewm|0
cm1prd-ims_FileServer-ewm|0
cm1prd-ims_agg-ewm|0
cm1prd-ims_gen_bbt-ewm|8
cm1prd-ims_gen_bill-ewm|0
cm1prd-ims_gen_fms-ewm|0
cm1prd-ims_gen_inv-ewm|0
cm1prd-ims_gen_udr-ewm|1
cm1prd-ims_gen_unbill-ewm|0
cm1prd-ims_leaf_01-ewm|0
cm1prd-ims_rep_ascii-ewm|0
cm1prd-ims_rep_bin-ewm|0
cm1prd-jcscleanup-ewm|0
cm1prd-jcscontrol-ewm|0
cm1prd-jdscleanup-ewm|0
cm1prd-kis_FileDistributor-ewm|0
cm1prd-kis_FileServer-ewm|0
cm1prd-kis_collector-ewm|0
cm1prd-kis_corr_bill-ewm|0
cm1prd-kis_gen_bill-ewm|0
cm1prd-ldifgen-ewm|0
cm1prd-loadconfig-ewm|0
cm1prd-maap_leaf_01-ewm|0
cm1prd-maap_leaf_02-ewm|0
cm1prd-maap_rep_ascii-ewm|0
cm1prd-maap_rep_bin-ewm|0
cm1prd-migratedb-ewm|0
cm1prd-mmsc_FileDistributor-ewm|0
cm1prd-mmsc_FileServer-ewm|0
cm1prd-mmsc_gen_bbt-ewm|0
cm1prd-mmsc_gen_bill-ewm|0
cm1prd-mmsc_gen_dwh-ewm|0
cm1prd-mmsc_gen_fms-ewm|0
cm1prd-mmsc_gen_inter-ewm|0
cm1prd-mmsc_gen_nbs-ewm|0
cm1prd-mmsc_gen_ui-ewm|0
cm1prd-mmsc_leaf_01-ewm|0
cm1prd-mmsc_leaf_02-ewm|0
cm1prd-mmsc_rep_ui-ewm|0
cm1prd-msc_FD_Type1-ewm|0
cm1prd-msc_FD_Type2-ewm|0
cm1prd-msc_FSCommon_Type1-ewm|0
cm1prd-msc_FSCommon_Type2-ewm|0
cm1prd-msc_FileServer_Gda-ewm|0
cm1prd-msc_FileServer_Kat-ewm|0
cm1prd-msc_FileServer_Poz-ewm|0
cm1prd-msc_FileServer_Waw-ewm|0
cm1prd-msc_agg_billing-ewm|0
cm1prd-msc_agg_udr-ewm|0
cm1prd-msc_corr_ain-ewm|0
cm1prd-msc_corr_bin-ewm|0
cm1prd-msc_corr_camel-ewm|0
cm1prd-msc_corr_tas-ewm|0
cm1prd-msc_corr_udr-ewm|0
cm1prd-msc_dispatcher_billing-ewm|0
cm1prd-msc_dispatcher_udr-ewm|0
cm1prd-msc_gen_as-ewm|0
cm1prd-msc_gen_bes-ewm|0
cm1prd-msc_gen_bzsi-ewm|0
cm1prd-msc_gen_fms-ewm|0
cm1prd-msc_gen_inter-ewm|0
cm1prd-msc_gen_inv-ewm|0
cm1prd-msc_gen_no-ewm|0
cm1prd-msc_gen_nrtrde-ewm|0
cm1prd-msc_gen_roam-ewm|0
cm1prd-msc_gen_sgv-ewm|0
cm1prd-msc_gen_uca-ewm|0
cm1prd-msc_gen_udr-ewm|0
cm1prd-msc_gen_unbill-ewm|0
cm1prd-msc_leaf_Type1_01-ewm|0
cm1prd-msc_leaf_Type1_02-ewm|0
cm1prd-msc_leaf_Type1_03-ewm|0
cm1prd-msc_leaf_Type1_04-ewm|0
cm1prd-msc_leaf_Type1_05-ewm|0
cm1prd-msc_leaf_Type2_01-ewm|0
cm1prd-msc_leaf_Type2_02-ewm|0
cm1prd-msc_leaf_Type2_03-ewm|0
cm1prd-msc_leaf_Type2_04-ewm|0
cm1prd-msc_leaf_Type2_05-ewm|0
cm1prd-msc_recycler-ewm|0
cm1prd-msc_reprocascii_Type1-ewm|0
cm1prd-msc_reprocascii_Type2-ewm|0
cm1prd-msc_reprocbin_Type1-ewm|0
cm1prd-msc_reprocbin_Type2-ewm|0
cm1prd-ngin_FileDistributor-ewm|0
cm1prd-ngin_FileServer-ewm|0
cm1prd-ngin_leaf_01-ewm|0
cm1prd-ngin_leaf_02-ewm|0
cm1prd-processmanager-ewm|0
cm1prd-raw_gen_udr_06-ewm|0
cm1prd-raw_gen_udr_09-ewm|0
cm1prd-raw_gen_udr_12-ewm|0
cm1prd-raw_gen_udr_13-ewm|0
cm1prd-raw_gen_udr_14-ewm|0
cm1prd-raw_gen_udr_160-ewm|0
cm1prd-raw_gen_udr_161-ewm|0
cm1prd-raw_gen_udr_162-ewm|0
cm1prd-raw_gen_udr_163-ewm|0
cm1prd-raw_gen_udr_164-ewm|0
cm1prd-raw_gen_udr_166-ewm|0
cm1prd-raw_gen_udr_17-ewm|0
cm1prd-raw_gen_udr_18-ewm|0
cm1prd-raw_gen_udr_19-ewm|0
cm1prd-raw_gen_udr_22-ewm|0
cm1prd-raw_gen_udr_23-ewm|0
cm1prd-raw_gen_udr_25-ewm|0
cm1prd-raw_gen_udr_26-ewm|0
cm1prd-raw_gen_udr_30-ewm|0
cm1prd-raw_gen_udr_36-ewm|0
cm1prd-raw_gen_udr_54-ewm|0
cm1prd-raw_gen_udr_57-ewm|0
cm1prd-raw_gen_udr_61-ewm|0
cm1prd-raw_gen_udr_63-ewm|0
cm1prd-raw_gen_udr_65-ewm|0
cm1prd-raw_gen_udr_66-ewm|0
cm1prd-raw_gen_udr_73-ewm|0
cm1prd-raw_gen_udr_77-ewm|0
cm1prd-raw_gen_udr_79-ewm|0
cm1prd-raw_gen_udr_80-ewm|0
cm1prd-raw_gen_udr_81-ewm|0
cm1prd-raw_gen_udr_82-ewm|0
cm1prd-raw_gen_udr_91-ewm|0
cm1prd-raw_gen_udr_mbs_96-ewm|0
cm1prd-raw_udr-ewm|0
cm1prd-rcs_FileDistributor-ewm|0
cm1prd-rcs_FileServer-ewm|0
cm1prd-rcs_gen_udr-ewm|0
cm1prd-rcs_leaf_01-ewm|0
cm1prd-rcs_leaf_02-ewm|0
cm1prd-rcs_rep_ascii-ewm|0
cm1prd-rcs_rep_bin-ewm|0
cm1prd-repositorymanager-ewm|0
cm1prd-saveconfig-ewm|0
cm1prd-secactivate-ewm|0
cm1prd-secserveractivate-ewm|0
cm1prd-secureconfigserver-ewm|0
cm1prd-sis_FileDistributor-ewm|0
cm1prd-sis_FileServer-ewm|0
cm1prd-sis_leaf_01-ewm|0
cm1prd-sis_leaf_02-ewm|0
cm1prd-siucleanup-ewm|0
cm1prd-siucontrol-ewm|0
cm1prd-siudiag-ewm|0
cm1prd-smsr_FileDistributor-ewm|0
cm1prd-smsr_FileServer-ewm|0
cm1prd-smsr_gen_bill-ewm|0
cm1prd-smsr_gen_fms-ewm|0
cm1prd-smsr_gen_idu-ewm|0
cm1prd-smsr_gen_inter-ewm|0
cm1prd-smsr_hr_leaf_01-ewm|0
cm1prd-smsr_leaf_01-ewm|0
cm1prd-smsr_leaf_02-ewm|1
cm1prd-updatelicense-ewm|0
cm1prd-vpbx_FileDistributor-ewm|0
cm1prd-vpbx_FileServer-ewm|0
cm1prd-vpbx_gen_bwasfms-ewm|0
cm1prd-vpbx_gen_fms-ewm|0
cm1prd-vpbx_leaf_01-ewm|0
cm1prd-vpbx_leaf_02-ewm|0
cm1prd-rtr_icr_error_IVNDC-count|29
cm1prd-rtr_icr_error_INVCC-count|4
cm1prd-rtr_icr_error_INUNB-count|505
cm1prd-rtr_icr_error_IDURA-count|799
cm1prd-rtr_icr_error_IVMNC-count|3
cm1prd-rtr_icr_error_all-count|1340
downtime-in-prol1|0
prol1prd-root-disk-pct|62
prol1prd-opt-disk-pct|37
prol1prd-rolmops_limiter_1-running|0
prol1prd-rolmops_limiter_2-running|1
prol1prd-rolmops_sentinel_1-running|0
prol1prd-rolmops_sentinel_2-running|1
prol1prd-rolmops_sentinel_3-running|1
prol1prd-rolmops_adapter-running|0
prol1prd-rolmops_master_db-running|0
prol1prd-rolmops_slave_db-running|1
downtime-in-prol2|0
prol2prd-root-disk-pct|72
prol2prd-opt-disk-pct|33
prol2prd-rolmops_limiter_1-running|1
prol2prd-rolmops_limiter_2-running|0
prol2prd-rolmops_sentinel_1-running|1
prol2prd-rolmops_sentinel_2-running|0
prol2prd-rolmops_sentinel_3-running|0
prol2prd-rolmops_adapter-running|1
prol2prd-rolmops_master_db-running|1
prol2prd-rolmops_slave_db-running|0
uat-rtr-transinitiator-not-running|0
uat-rtr-ddua-not-running|0
uat-rtr-nodes-not-running|0
uat-rtr-ddmonitor-not-running|0
uat-rtr-dispatcher-not-running|0
uat-rtr-crontab-not-running|0
uat-rtr-disk-opt-arch|17
uat-rtr-disk-opt-onlinejob_patrol|33
uat-rtr-disk-opt-plicbd|15
uat-rtr-disk-opt-aaa_ftpe|11
uat-rtr-disk-opt-switch|38
uat-rtr-disk-opt-spec_adapter-SMS|34
uat-rtr-disk-opt-aa_rep-rep_crm|60
uat-rtr-disk-opt-specqa_patrol|33
uat-rtr-disk-opt-aa_rep|27
uat-rtr-disk-opt-opt_am|57
uat-rtr-disk-opt-bes_migration|52
uat-rtr-disk-opt-amqa_patrol|33
uat-rtr-disk-opt-specqa_online|85
uat-rtr-disk-opt-act_mgr|52
uat-rtr-disk-opt-spec_adapter|45
uat-rtr-disk-QA_UCR_EXTRACT|18
uat-rtr-disk-opt-db-QA_rtr_app_supp|17
uat-rtr-disk-QA_SHAREDMEM|34
uat-rtr-disk-QA_sybase|83
uat-rtr-disk-QA_PRISM_REL_DISK|88
uat-rtr-disk-QA_WORK|74
uat-rtr-disk-QA_REFDATA|35
uat-rtr-disk-QA_ARCHIVE|16
uat-rtr-disk-home|64
uat-rtr-disk-opt-patrol|33
uat-rtr-disk-opt|90
uat-rtr-disk-tmp|25
uat-rtr-disk-usr|33
uat-rtr-disk-var|75
uat-rtr-disk-stand|43
uat-rtr-disk-|70
scrum-rtr-transinitiator-not-running|0
scrum-rtr-ddua-not-running|16
scrum-rtr-nodes-not-running|4
scrum-rtr-ddmonitor-not-running|0
scrum-rtr-dispatcher-not-running|0
scrum-rtr-crontab-not-running|0
scrum-rtr-disk-opt-spec_adapter-SMS|35
scrum-rtr-disk-opt-RDADMIN|56
scrum-rtr-disk-opt-bes_migration|84
scrum-rtr-disk-OA_ARCHIVE|13
scrum-rtr-disk-opt-specoa_online|33
scrum-rtr-disk-opt-spec_adapter|75
scrum-rtr-disk-opt-db-OA_rtr_app_supp|17
scrum-rtr-disk-OA_SHAREDMEM|20
scrum-rtr-disk-OA_sybase|86
scrum-rtr-disk-OA_PRISM_REL_DISK|67
scrum-rtr-disk-OA_WORK|26
scrum-rtr-disk-OA_REFDATA|34
scrum-rtr-disk-opt-amoa_patrol|32
scrum-rtr-disk-opt-onlinejob_patrol|32
scrum-rtr-disk-opt-act_mgr|70
scrum-rtr-disk-opt-aaa_ftpe|11
scrum-rtr-disk-home|82
scrum-rtr-disk-opt-patrol|77
scrum-rtr-disk-opt|89
scrum-rtr-disk-tmp|69
scrum-rtr-disk-usr|41
scrum-rtr-disk-var|93
scrum-rtr-disk-stand|43
scrum-rtr-disk-|99
uat-rtm-adminagent-not-running|0
uat-rtm-shmsoap-not-running|0
uat-rtm-securityserver-not-running|0
uat-rtm-apacheds-not-running|0
uat-rtm-submqs-not-running|0
uat-rtm-gsoap-not-running|0
uat-rtm-configserver-not-running|0
uat-rtm-crontab-not-running|0
uat-rtm-disk-run|11
uat-rtm-disk-|54
uat-rtm-disk-boot|37
uat-rtm-disk-var|23
uat-rtm-disk-home|45
uat-rtm-disk-opt|84
scrum-rtm-apacheds-not-running|0
scrum-rtm-securityserver-not-running|0
scrum-rtm-gsoap-not-running|0
scrum-rtm-configserver-not-running|0
scrum-rtm-submqs-not-running|0
scrum-rtm-adminagent-not-running|0
scrum-rtm-shmsoap-not-running|0
scrum-rtm-crontab-not-running|0
scrum-rtm-disk-run|11
scrum-rtm-disk-|57
scrum-rtm-disk-var|25
scrum-rtm-disk-boot|36
scrum-rtm-disk-opt|84
uat-cm1-configserver-not-running|0
uat-cm1-securityserver-not-running|0
uat-cm1-shmsoap-not-running|0
uat-cm1-apacheds-not-running|0
uat-cm1-adminagent-not-running|0
uat-cm1-shmsoapserver-not-running|0
uat-cm1-ddmonitor-not-running|0
uat-cm1-crontab-not-running|0
uat-cm1-disk-|23
uat-cm1-disk-var-crash|59
uat-cm1-disk-boot|26
uat-cm1-disk-opt-patrol|29
uat-cm1-disk-var-log|32
uat-cm1-disk-cm2|25
uat-cm1-disk-cm2-work|43
uat-cm1-disk-cm1|70
uat-cm1-disk-cm1-work|74
uat-cm1-disk-cm1-Archive|39
uat-cm2-ddmonitor-not-running|0
uat-cm2-adminagent-not-running|0
uat-cm2-shmsoap-not-running|0
uat-cm2-crontab-not-running|0
uat-cm2-disk-|23
uat-cm2-disk-var-crash|59
uat-cm2-disk-boot|26
uat-cm2-disk-opt-patrol|29
uat-cm2-disk-var-log|32
uat-cm2-disk-cm2|25
uat-cm2-disk-cm2-work|43
uat-cm2-disk-cm1|70
uat-cm2-disk-cm1-work|74
uat-cm2-disk-cm1-Archive|39
scrum-cm1-shmsoap-not-running|0
scrum-cm1-securityserver-not-running|0
scrum-cm1-shmsoapserver-not-running|0
scrum-cm1-ddmonitor-not-running|0
scrum-cm1-adminagent-not-running|0
scrum-cm1-apacheds-not-running|0
scrum-cm1-configserver-not-running|0
scrum-cm1-crontab-not-running|0
scrum-cm1-disk-|25
scrum-cm1-disk-var-crash|41
scrum-cm1-disk-opt-patrol|25
scrum-cm1-disk-var-log|14
scrum-cm1-disk-boot|25
scrum-cm1-disk-cm2|18
scrum-cm1-disk-cm1|23
scrum-cm1-disk-cm1-work|39
scrum-cm1-disk-cm2-work|81
scrum-cm1-disk-cm1-Archive|36
scrum-cm2-adminagent-not-running|0
scrum-cm2-shmsoap-not-running|0
scrum-cm2-ddmonitor-not-running|0
scrum-cm2-crontab-not-running|0
scrum-cm2-disk-|25
scrum-cm2-disk-var-crash|41
scrum-cm2-disk-opt-patrol|25
scrum-cm2-disk-var-log|14
scrum-cm2-disk-boot|25
scrum-cm2-disk-cm2|18
scrum-cm2-disk-cm1|23
scrum-cm2-disk-cm1-work|39
scrum-cm2-disk-cm2-work|81
scrum-cm2-disk-cm1-Archive|36
